Using pre-set license
Built from '2020.3/staging' branch; Version is '2020.3.19f1 (68f137dc9bbe) revision 6877495'; Using compiler version '192528614'; Build Type 'Release'
OS: 'Windows 10 Home; OS build 19042.1237; Version 2009; 64bit' Language: 'en' Physical Memory: 32701 MB
BatchMode: 1, IsHumanControllingUs: 0, StartBugReporterOnCrash: 0, Is64bit: 1, IsPro: 0

COMMAND LINE ARGUMENTS:
C:\Program Files\Unity\Hub\Editor\2020.3.19f1\Editor\Unity.exe
-adb2
-batchMode
-noUpm
-name
AssetImportWorker0
-projectPath
C:/Users/alexr/Desktop/2DSE/McSpaceEngineers
-logFile
Logs/AssetImportWorker0.log
-srvPort
50098
Successfully changed project path to: C:/Users/alexr/Desktop/2DSE/McSpaceEngineers
C:/Users/alexr/Desktop/2DSE/McSpaceEngineers
Using Asset Import Pipeline V2.
Refreshing native plugins compatible for Editor in 29.54 ms, found 2 plugins.
Preloading 0 native plugins for Editor in 0.00 ms.
Initialize engine version: 2020.3.19f1 (68f137dc9bbe)
[Subsystems] Discovering subsystems at path C:/Program Files/Unity/Hub/Editor/2020.3.19f1/Editor/Data/Resources/UnitySubsystems
[Subsystems] Discovering subsystems at path C:/Users/alexr/Desktop/2DSE/McSpaceEngineers/Assets
GfxDevice: creating device client; threaded=0
Direct3D:
    Version:  Direct3D 11.0 [level 11.1]
    Renderer: Radeon RX 570 Series (ID=0x67df)
    Vendor:   
    VRAM:     8171 MB
    Driver:   27.20.14501.18003
Initialize mono
Mono path[0] = 'C:/Program Files/Unity/Hub/Editor/2020.3.19f1/Editor/Data/Managed'
Mono path[1] = 'C:/Program Files/Unity/Hub/Editor/2020.3.19f1/Editor/Data/MonoBleedingEdge/lib/mono/unityjit'
Mono config path = 'C:/Program Files/Unity/Hub/Editor/2020.3.19f1/Editor/Data/MonoBleedingEdge/etc'
Using monoOptions --debugger-agent=transport=dt_socket,embedding=1,server=y,suspend=n,address=127.0.0.1:56980
Begin MonoManager ReloadAssembly
Registering precompiled unity dll's ...
Register platform support module: C:/Program Files/Unity/Hub/Editor/2020.3.19f1/Editor/Data/PlaybackEngines/WebGLSupport/UnityEditor.WebGL.Extensions.dll
Register platform support module: C:/Program Files/Unity/Hub/Editor/2020.3.19f1/Editor/Data/PlaybackEngines/MacStandaloneSupport/UnityEditor.OSXStandalone.Extensions.dll
Register platform support module: C:/Program Files/Unity/Hub/Editor/2020.3.19f1/Editor/Data/PlaybackEngines/WindowsStandaloneSupport/UnityEditor.WindowsStandalone.Extensions.dll
Registered in 0.002306 seconds.
Native extension for WindowsStandalone target not found
Native extension for OSXStandalone target not found
Native extension for WebGL target not found
Refreshing native plugins compatible for Editor in 30.64 ms, found 2 plugins.
Preloading 0 native plugins for Editor in 0.00 ms.
Mono: successfully reloaded assembly
- Completed reload, in  1.211 seconds
Domain Reload Profiling:
	ReloadAssembly (1211ms)
		BeginReloadAssembly (51ms)
			ExecutionOrderSort (0ms)
			DisableScriptedObjects (0ms)
			BackupInstance (0ms)
			ReleaseScriptingObjects (0ms)
			CreateAndSetChildDomain (1ms)
		EndReloadAssembly (427ms)
			LoadAssemblies (50ms)
			RebuildTransferFunctionScriptingTraits (0ms)
			SetupTypeCache (163ms)
			ReleaseScriptCaches (0ms)
			RebuildScriptCaches (30ms)
			SetupLoadedEditorAssemblies (162ms)
				LogAssemblyErrors (0ms)
				InitializePlatformSupportModulesInManaged (5ms)
				SetLoadedEditorAssemblies (0ms)
				RefreshPlugins (31ms)
				BeforeProcessingInitializeOnLoad (14ms)
				ProcessInitializeOnLoadAttributes (81ms)
				ProcessInitializeOnLoadMethodAttributes (31ms)
				AfterProcessingInitializeOnLoad (0ms)
				EditorAssembliesLoaded (0ms)
			ExecutionOrderSort2 (0ms)
			AwakeInstancesAfterBackupRestoration (0ms)
Platform modules already initialized, skipping
Registering precompiled user dll's ...
Registered in 0.002634 seconds.
Begin MonoManager ReloadAssembly
Native extension for WindowsStandalone target not found
Native extension for OSXStandalone target not found
Native extension for WebGL target not found
Refreshing native plugins compatible for Editor in 0.30 ms, found 2 plugins.
Preloading 0 native plugins for Editor in 0.00 ms.
Mono: successfully reloaded assembly
- Completed reload, in  1.047 seconds
Domain Reload Profiling:
	ReloadAssembly (1048ms)
		BeginReloadAssembly (150ms)
			ExecutionOrderSort (0ms)
			DisableScriptedObjects (5ms)
			BackupInstance (0ms)
			ReleaseScriptingObjects (0ms)
			CreateAndSetChildDomain (19ms)
		EndReloadAssembly (836ms)
			LoadAssemblies (83ms)
			RebuildTransferFunctionScriptingTraits (0ms)
			SetupTypeCache (285ms)
			ReleaseScriptCaches (0ms)
			RebuildScriptCaches (44ms)
			SetupLoadedEditorAssemblies (325ms)
				LogAssemblyErrors (0ms)
				InitializePlatformSupportModulesInManaged (7ms)
				SetLoadedEditorAssemblies (0ms)
				RefreshPlugins (0ms)
				BeforeProcessingInitializeOnLoad (88ms)
				ProcessInitializeOnLoadAttributes (213ms)
				ProcessInitializeOnLoadMethodAttributes (10ms)
				AfterProcessingInitializeOnLoad (5ms)
				EditorAssembliesLoaded (0ms)
			ExecutionOrderSort2 (0ms)
			AwakeInstancesAfterBackupRestoration (7ms)
Platform modules already initialized, skipping
========================================================================
Worker process is ready to serve import requests
Launched and connected shader compiler UnityShaderCompiler.exe after 0.07 seconds
Refreshing native plugins compatible for Editor in 0.47 ms, found 2 plugins.
Preloading 0 native plugins for Editor in 0.00 ms.
Unloading 1474 Unused Serialized files (Serialized files now loaded: 0)
System memory in use before: 67.2 MB.
System memory in use after: 67.3 MB.

Unloading 19 unused Assets to reduce memory usage. Loaded Objects now: 1914.
Total: 2.817700 ms (FindLiveObjects: 0.138200 ms CreateObjectMapping: 0.048700 ms MarkObjects: 2.607000 ms  DeleteObjects: 0.022800 ms)

AssetImportParameters requested are different than current active one (requested -> active):
  custom:framework-win-MediaFoundation: 216162199b28c13a410421893ffa2e32 -> 
  custom:video-decoder-ogg-theora: a1e56fd34408186e4bbccfd4996cb3dc -> 
  custom:container-muxer-webm: aa71ff27fc2769a1b78a27578f13a17b -> 
  custom:container-demuxer-webm: 4f35f7cbe854078d1ac9338744f61a02 -> 
  custom:container-demuxer-ogg: 62fdf1f143b41e24485cea50d1cbac27 -> 
  custom:video-encoder-webm-vp8: eb34c28f22e8b96e1ab97ce403110664 -> 
  custom:video-decoder-webm-vp8: 9c59270c3fd7afecdb556c50c9e8de78 -> 
  custom:audio-decoder-ogg-vorbis: bf7c407c2cedff20999df2af8eb42d56 -> 
  custom:audio-encoder-webm-vorbis: bf7c407c2cedff20999df2af8eb42d56 -> 
========================================================================
Received Import Request.
  path: Assets/User Interface
  artifactKey: Guid(7fe0f7c6bc69b435a843bcb0b58920a1) Importer(815301076,1909f56bfc062723c751e8b465ee728b)
Start importing Assets/User Interface using Guid(7fe0f7c6bc69b435a843bcb0b58920a1) Importer(815301076,1909f56bfc062723c751e8b465ee728b)  -> (artifact id: '75344580e87fcbab2e59b063b2b39cce') in 0.008435 seconds 
  Import took 0.010584 seconds .

========================================================================
Received Import Request.
  Time since last request: 0.000275 seconds.
  path: Assets/Player/Player.prefab
  artifactKey: Guid(d551906882baf413e88eec716f05b7b0) Importer(815301076,1909f56bfc062723c751e8b465ee728b)
Start importing Assets/Player/Player.prefab using Guid(d551906882baf413e88eec716f05b7b0) Importer(815301076,1909f56bfc062723c751e8b465ee728b)  -> (artifact id: '2ba14551cb23f9dd283fd1d38b57ab09') in 0.101505 seconds 
  Import took 0.104958 seconds .

========================================================================
Received Import Request.
  Time since last request: 0.000217 seconds.
  path: Assets/Player/EngineerSprite.png
  artifactKey: Guid(12f676f59c8524003ab7ea4682519dcc) Importer(815301076,1909f56bfc062723c751e8b465ee728b)
Start importing Assets/Player/EngineerSprite.png using Guid(12f676f59c8524003ab7ea4682519dcc) Importer(815301076,1909f56bfc062723c751e8b465ee728b)  -> (artifact id: '5bbf7a9bd07b74cc2472e2d8b9175cb0') in 0.061024 seconds 
  Import took 0.063509 seconds .

========================================================================
Received Import Request.
  Time since last request: 0.000219 seconds.
  path: Assets/Player/Player.png
  artifactKey: Guid(36cd288a93d284aa0a4c932179e253d4) Importer(815301076,1909f56bfc062723c751e8b465ee728b)
Start importing Assets/Player/Player.png using Guid(36cd288a93d284aa0a4c932179e253d4) Importer(815301076,1909f56bfc062723c751e8b465ee728b)  -> (artifact id: 'd13ed9cd443811d16048f0cdbb8a4216') in 0.012894 seconds 
  Import took 0.016106 seconds .

========================================================================
Received Import Request.
  Time since last request: 0.000213 seconds.
  path: Assets/Player
  artifactKey: Guid(d22a4d33aef6d4310b1d30c6f356c87c) Importer(815301076,1909f56bfc062723c751e8b465ee728b)
Start importing Assets/Player using Guid(d22a4d33aef6d4310b1d30c6f356c87c) Importer(815301076,1909f56bfc062723c751e8b465ee728b)  -> (artifact id: '771f5bdf8bbc17ecf3f8dbc7cd88c7c3') in 0.003363 seconds 
  Import took 0.005825 seconds .

========================================================================
Received Import Request.
  Time since last request: 0.000228 seconds.
  path: Assets/Player/EngineerSpriteMap.jpg
  artifactKey: Guid(7ca8e3931d0674e40a65a37154c9ec02) Importer(815301076,1909f56bfc062723c751e8b465ee728b)
Start importing Assets/Player/EngineerSpriteMap.jpg using Guid(7ca8e3931d0674e40a65a37154c9ec02) Importer(815301076,1909f56bfc062723c751e8b465ee728b)  -> (artifact id: '4408516124c0cf0bb75c8c98ae02c866') in 0.021320 seconds 
  Import took 0.023846 seconds .

========================================================================
Received Prepare
Refreshing native plugins compatible for Editor in 2.52 ms, found 2 plugins.
Preloading 0 native plugins for Editor in 0.00 ms.
Unloading 10 Unused Serialized files (Serialized files now loaded: 0)
System memory in use before: 41.6 MB.
System memory in use after: 41.7 MB.

Unloading 9 unused Assets to reduce memory usage. Loaded Objects now: 1927.
Total: 3.319900 ms (FindLiveObjects: 0.139600 ms CreateObjectMapping: 0.050500 ms MarkObjects: 3.113300 ms  DeleteObjects: 0.015700 ms)

AssetImportParameters requested are different than current active one (requested -> active):
  custom:framework-win-MediaFoundation: 216162199b28c13a410421893ffa2e32 -> 
  custom:video-decoder-ogg-theora: a1e56fd34408186e4bbccfd4996cb3dc -> 
  custom:container-muxer-webm: aa71ff27fc2769a1b78a27578f13a17b -> 
  custom:container-demuxer-webm: 4f35f7cbe854078d1ac9338744f61a02 -> 
  custom:container-demuxer-ogg: 62fdf1f143b41e24485cea50d1cbac27 -> 
  custom:video-encoder-webm-vp8: eb34c28f22e8b96e1ab97ce403110664 -> 
  custom:video-decoder-webm-vp8: 9c59270c3fd7afecdb556c50c9e8de78 -> 
  custom:audio-decoder-ogg-vorbis: bf7c407c2cedff20999df2af8eb42d56 -> 
  custom:audio-encoder-webm-vorbis: bf7c407c2cedff20999df2af8eb42d56 -> 
========================================================================
Received Import Request.
  Time since last request: 28.238159 seconds.
  path: Assets/User Interface/Gravity Indicator.png
  artifactKey: Guid(4a31f4bca850741709b2a6994bfc0400) Importer(815301076,1909f56bfc062723c751e8b465ee728b)
Start importing Assets/User Interface/Gravity Indicator.png using Guid(4a31f4bca850741709b2a6994bfc0400) Importer(815301076,1909f56bfc062723c751e8b465ee728b)  -> (artifact id: '2e1cf3c54aa6d5f53a5fb905d165526b') in 0.014362 seconds 
  Import took 0.016752 seconds .

========================================================================
Received Import Request.
  Time since last request: 0.000186 seconds.
  path: Assets/User Interface/Hud Loader.prefab
  artifactKey: Guid(ff4f84c3f8f6145a6b1652dac02dfe7e) Importer(815301076,1909f56bfc062723c751e8b465ee728b)
Start importing Assets/User Interface/Hud Loader.prefab using Guid(ff4f84c3f8f6145a6b1652dac02dfe7e) Importer(815301076,1909f56bfc062723c751e8b465ee728b)  -> (artifact id: '29bd56dc85881c3adc6d7db24841452f') in 0.005157 seconds 
  Import took 0.007463 seconds .

========================================================================
Received Import Request.
  Time since last request: 2.383935 seconds.
  path: Assets/User Interface/gravityIndicator.cs
  artifactKey: Guid(f9565525527734e758cdafe73e3bcec3) Importer(815301076,1909f56bfc062723c751e8b465ee728b)
Start importing Assets/User Interface/gravityIndicator.cs using Guid(f9565525527734e758cdafe73e3bcec3) Importer(815301076,1909f56bfc062723c751e8b465ee728b)  -> (artifact id: '5c6f2eb7adb410c4a10dbae167443f19') in 0.009559 seconds 
  Import took 0.011921 seconds .

========================================================================
Received Prepare
Registering precompiled user dll's ...
Registered in 0.003184 seconds.
Begin MonoManager ReloadAssembly
Native extension for WindowsStandalone target not found
Native extension for OSXStandalone target not found
Native extension for WebGL target not found
Refreshing native plugins compatible for Editor in 0.32 ms, found 2 plugins.
Preloading 0 native plugins for Editor in 0.00 ms.
Mono: successfully reloaded assembly
- Completed reload, in  0.969 seconds
Domain Reload Profiling:
	ReloadAssembly (970ms)
		BeginReloadAssembly (108ms)
			ExecutionOrderSort (0ms)
			DisableScriptedObjects (6ms)
			BackupInstance (0ms)
			ReleaseScriptingObjects (0ms)
			CreateAndSetChildDomain (33ms)
		EndReloadAssembly (799ms)
			LoadAssemblies (81ms)
			RebuildTransferFunctionScriptingTraits (0ms)
			SetupTypeCache (278ms)
			ReleaseScriptCaches (1ms)
			RebuildScriptCaches (44ms)
			SetupLoadedEditorAssemblies (284ms)
				LogAssemblyErrors (0ms)
				InitializePlatformSupportModulesInManaged (7ms)
				SetLoadedEditorAssemblies (0ms)
				RefreshPlugins (0ms)
				BeforeProcessingInitializeOnLoad (88ms)
				ProcessInitializeOnLoadAttributes (175ms)
				ProcessInitializeOnLoadMethodAttributes (6ms)
				AfterProcessingInitializeOnLoad (6ms)
				EditorAssembliesLoaded (0ms)
			ExecutionOrderSort2 (0ms)
			AwakeInstancesAfterBackupRestoration (7ms)
Platform modules already initialized, skipping
Refreshing native plugins compatible for Editor in 0.30 ms, found 2 plugins.
Preloading 0 native plugins for Editor in 0.00 ms.
Unloading 1469 Unused Serialized files (Serialized files now loaded: 0)
System memory in use before: 70.4 MB.
System memory in use after: 70.5 MB.

Unloading 11 unused Assets to reduce memory usage. Loaded Objects now: 1931.
Total: 2.838300 ms (FindLiveObjects: 0.134000 ms CreateObjectMapping: 0.042300 ms MarkObjects: 2.646100 ms  DeleteObjects: 0.014700 ms)

AssetImportParameters requested are different than current active one (requested -> active):
  custom:framework-win-MediaFoundation: 216162199b28c13a410421893ffa2e32 -> 
  custom:video-decoder-ogg-theora: a1e56fd34408186e4bbccfd4996cb3dc -> 
  custom:container-muxer-webm: aa71ff27fc2769a1b78a27578f13a17b -> 
  custom:container-demuxer-webm: 4f35f7cbe854078d1ac9338744f61a02 -> 
  custom:container-demuxer-ogg: 62fdf1f143b41e24485cea50d1cbac27 -> 
  custom:video-encoder-webm-vp8: eb34c28f22e8b96e1ab97ce403110664 -> 
  custom:video-decoder-webm-vp8: 9c59270c3fd7afecdb556c50c9e8de78 -> 
  custom:audio-decoder-ogg-vorbis: bf7c407c2cedff20999df2af8eb42d56 -> 
  custom:audio-encoder-webm-vorbis: bf7c407c2cedff20999df2af8eb42d56 -> 
========================================================================
Received Import Request.
  Time since last request: 542.377238 seconds.
  path: Assets/Objects/Floor.png
  artifactKey: Guid(87b59d80892f1419a9a29ebd4548a30f) Importer(815301076,1909f56bfc062723c751e8b465ee728b)
Start importing Assets/Objects/Floor.png using Guid(87b59d80892f1419a9a29ebd4548a30f) Importer(815301076,1909f56bfc062723c751e8b465ee728b)  -> (artifact id: '9d6f33675e9c6d0c70350df7155cd229') in 0.050062 seconds 
  Import took 0.052745 seconds .

========================================================================
Received Import Request.
  Time since last request: 11.354882 seconds.
  path: Assets/Player/Player.prefab
  artifactKey: Guid(d551906882baf413e88eec716f05b7b0) Importer(815301076,1909f56bfc062723c751e8b465ee728b)
Start importing Assets/Player/Player.prefab using Guid(d551906882baf413e88eec716f05b7b0) Importer(815301076,1909f56bfc062723c751e8b465ee728b)  -> (artifact id: '02c03d7ab9eba4a63e082099a9652da3') in 0.035209 seconds 
  Import took 0.037709 seconds .

========================================================================
Received Import Request.
  Time since last request: 3.546811 seconds.
  path: Assets/Player/Player.prefab
  artifactKey: Guid(d551906882baf413e88eec716f05b7b0) Importer(815301076,1909f56bfc062723c751e8b465ee728b)
Start importing Assets/Player/Player.prefab using Guid(d551906882baf413e88eec716f05b7b0) Importer(815301076,1909f56bfc062723c751e8b465ee728b)  -> (artifact id: '640c7c1f4753c956a903d74ca8e82252') in 0.015303 seconds 
  Import took 0.018718 seconds .

========================================================================
Received Import Request.
  Time since last request: 4.013525 seconds.
  path: Assets/Player/Player.prefab
  artifactKey: Guid(d551906882baf413e88eec716f05b7b0) Importer(815301076,1909f56bfc062723c751e8b465ee728b)
Start importing Assets/Player/Player.prefab using Guid(d551906882baf413e88eec716f05b7b0) Importer(815301076,1909f56bfc062723c751e8b465ee728b)  -> (artifact id: '884ab8595b57f6a796c68ae6f63dc16a') in 0.016778 seconds 
  Import took 0.019208 seconds .

========================================================================
Received Import Request.
  Time since last request: 2.803421 seconds.
  path: Assets/Player/Player.prefab
  artifactKey: Guid(d551906882baf413e88eec716f05b7b0) Importer(815301076,1909f56bfc062723c751e8b465ee728b)
Start importing Assets/Player/Player.prefab using Guid(d551906882baf413e88eec716f05b7b0) Importer(815301076,1909f56bfc062723c751e8b465ee728b)  -> (artifact id: '5847c832e2b27e883e439e92688b3301') in 0.013423 seconds 
  Import took 0.015896 seconds .

========================================================================
Received Import Request.
  Time since last request: 2.402548 seconds.
  path: Assets/Player/Player.prefab
  artifactKey: Guid(d551906882baf413e88eec716f05b7b0) Importer(815301076,1909f56bfc062723c751e8b465ee728b)
Start importing Assets/Player/Player.prefab using Guid(d551906882baf413e88eec716f05b7b0) Importer(815301076,1909f56bfc062723c751e8b465ee728b)  -> (artifact id: 'ff6420840211a1a2bde8a8593e678e44') in 0.012694 seconds 
  Import took 0.015124 seconds .

========================================================================
Received Import Request.
  Time since last request: 1.194471 seconds.
  path: Assets/Player/Player.prefab
  artifactKey: Guid(d551906882baf413e88eec716f05b7b0) Importer(815301076,1909f56bfc062723c751e8b465ee728b)
Start importing Assets/Player/Player.prefab using Guid(d551906882baf413e88eec716f05b7b0) Importer(815301076,1909f56bfc062723c751e8b465ee728b)  -> (artifact id: '8400b0c85b940a08dbe78420377fda0b') in 0.013692 seconds 
  Import took 0.016127 seconds .

========================================================================
Received Import Request.
  Time since last request: 23.479474 seconds.
  path: Assets/Player/Player.prefab
  artifactKey: Guid(d551906882baf413e88eec716f05b7b0) Importer(815301076,1909f56bfc062723c751e8b465ee728b)
Start importing Assets/Player/Player.prefab using Guid(d551906882baf413e88eec716f05b7b0) Importer(815301076,1909f56bfc062723c751e8b465ee728b)  -> (artifact id: '047e477d2d933a9ffcb39c512d9a97f2') in 0.019625 seconds 
  Import took 0.022229 seconds .

========================================================================
Received Import Request.
  Time since last request: 4.187305 seconds.
  path: Assets/Player/Player.prefab
  artifactKey: Guid(d551906882baf413e88eec716f05b7b0) Importer(815301076,1909f56bfc062723c751e8b465ee728b)
Start importing Assets/Player/Player.prefab using Guid(d551906882baf413e88eec716f05b7b0) Importer(815301076,1909f56bfc062723c751e8b465ee728b)  -> (artifact id: '1fbbc012aeb4f1ea097dd161be92fc01') in 0.012713 seconds 
  Import took 0.016263 seconds .

